<?xml version="1.0" encoding="UTF-8"?>
<!-- Generated by org.testng.reporters.JUnitReportReporter -->
<testsuite hostname="LAPTOP-CHHHUB55" failures="0" tests="1" name="com.juaracoding.TestHello.TestHello" time="0.516" errors="0" timestamp="11 Aug 2022 12:27:22 GMT" skipped="0">
  <testcase classname="com.juaracoding.TestHello.TestHello" name="test" time="0.516"/>
</testsuite> <!-- com.juaracoding.TestHello.TestHello -->
